2024-01-14 22:01:57,861 - INFO - Quotes files of the batch of tickers ['AA'] is successfully downloaded.
2024-01-14 22:09:22,546 - INFO - Quotes files of the batch of tickers ['AA'] is successfully downloaded.
2024-01-14 22:18:00,770 - INFO - Quotes files of the batch of tickers ['AA'] is successfully downloaded.
2024-01-14 22:19:52,399 - INFO - Quotes files of the batch of tickers ['AA'] is successfully downloaded.
2024-01-14 22:22:20,904 - INFO - Quotes files of the batch of tickers ['AA'] is successfully downloaded.
2024-01-14 22:23:19,362 - INFO - Quotes files of the batch of tickers ['AA'] is successfully downloaded.
2024-01-14 22:24:12,479 - INFO - Quotes files of the batch of tickers ['AA'] is successfully downloaded.
2024-01-14 22:24:44,702 - INFO - Quotes files of the batch of tickers ['AA'] is successfully downloaded.
2024-01-14 22:38:51,032 - INFO - Quotes files of the batch of tickers ['AA'] is successfully downloaded.
2024-01-14 22:39:54,541 - INFO - Quotes files of the batch of tickers ['AA'] is successfully downloaded.
2024-01-14 22:40:49,498 - INFO - Quotes files of the batch of tickers ['AA'] is successfully downloaded.
2024-01-14 22:47:41,285 - INFO - Quotes files of the batch of tickers ['AA'] is successfully downloaded.
2024-01-14 22:52:32,840 - INFO - Quotes files of the batch of tickers ['AA'] is successfully downloaded.
2024-01-14 22:53:00,129 - INFO - Quotes files of the batch of tickers ['AA'] is successfully downloaded.
2024-01-14 23:01:54,454 - INFO - Quotes files of the batch of tickers ['AA'] is successfully downloaded.
2024-01-14 23:04:44,647 - INFO - Quotes files of the batch of tickers ['AA'] is successfully downloaded.
2024-01-14 23:08:09,076 - INFO - Quotes files of the batch of tickers ['AA', 'AAPL', 'ABT'] is successfully downloaded.
2024-01-14 23:52:18,770 - ERROR - 
1 Failed download:
2024-01-14 23:52:18,770 - ERROR - ['ABT']: InterfaceError('bad parameter or other API misuse')
2024-01-14 23:53:59,719 - INFO - Quotes files of the batch of tickers ['AA', 'AAPL', 'ABT'] is successfully downloaded.
2024-01-14 23:56:03,636 - INFO - Quotes files of the batch of tickers ['AA', 'AAPL', 'ABT'] is successfully downloaded.
2024-01-14 23:57:17,451 - INFO - Quotes files of the batch of tickers ['AA', 'AAPL', 'ABT'] is successfully downloaded.
2024-01-15 00:04:52,212 - INFO - Quotes files of the batch of tickers ['AA', 'AAPL', 'ABT'] is successfully downloaded.
2024-01-15 07:20:45,993 - INFO - Quotes files of the batch of tickers ['AA', 'AAPL', 'ABT'] is successfully downloaded.
2024-01-15 07:22:52,945 - INFO - Quotes files of the batch of tickers ['AA', 'AAPL', 'ABT'] is successfully downloaded.
2024-01-15 07:27:19,735 - INFO - Quotes files of the batch of tickers ['AA', 'AAPL', 'ABT'] is successfully downloaded.
2024-01-15 08:07:51,977 - INFO - Quotes files of the batch of tickers ['AA', 'AAPL', 'ABT'] is successfully downloaded.
2024-01-15 08:16:59,596 - INFO - Quotes files of the batch of tickers ['AA', 'AAPL', 'ABT'] is successfully downloaded.
2024-01-15 08:28:53,878 - INFO - Quotes files of the batch of tickers ['ADBE', 'ADI', 'ADM', 'ADP', 'ADSK', 'AEM', 'AEP', 'AFL', 'AIG', 'AJG', 'ALK', 'AMAT', 'AMD', 'AME', 'AMGN', 'AON', 'APA', 'APD', 'ATO', 'AXP', 'BA', 'BAC', 'BALL', 'BAX', 'BBWI', 'BBY', 'BCS', 'BDX', 'BHP', 'BK'] is successfully downloaded.
2024-01-15 08:32:46,737 - INFO - Quotes files of the batch of tickers ['AEM', 'BKR', 'BMY', 'BP', 'BRO', 'BTI', 'C', 'CAG', 'CAH', 'CAT', 'CCEP', 'CCK', 'CCL', 'CDNS', 'CHD', 'CI', 'CL', 'CLF', 'CLX', 'CMCSA', 'CMI', 'CMS', 'CNP', 'COP', 'COST', 'CP', 'CPB', 'CRH', 'CSX', 'CTAS'] is successfully downloaded.
2024-01-15 08:35:06,438 - ERROR - Failed to get ticker 'ACCO' reason: bad parameter or other API misuse
2024-01-15 08:36:34,759 - ERROR - 
1 Failed download:
2024-01-15 08:36:34,759 - ERROR - ['ACCO']: Exception('%ticker%: No timezone found, symbol may be delisted')
